<?xml version="1.0" encoding="UTF-8"?>
<!-- Generated by org.testng.reporters.JUnitXMLReporter -->
<testsuite ignored="0" hostname="Pardeeps-MacBook-Pro.local" failures="0" tests="3" name="Default test" time="23.494" errors="0" timestamp="2024-05-23T10:22:17 EDT">
  <testcase classname="tests.LoginTest" name="wrongEmail" time="2.53"/>
  <testcase classname="tests.LoginTest" name="wrongPassword" time="2.47"/>
  <testcase classname="tests.LoginTest" name="wrongEmailPassword" time="2.48"/>
</testsuite> <!-- Default test -->
