<?xml version="1.0" encoding="UTF-8"?>
<testng-results ignored="0" total="3" passed="3" failed="0" skipped="0">
  <reporter-output>
  </reporter-output>
  <suite started-at="2024-05-23T10:21:54 EDT" name="Default suite" finished-at="2024-05-23T10:22:17 EDT" duration-ms="23494">
    <groups>
    </groups>
    <test started-at="2024-05-23T10:21:54 EDT" name="Default test" finished-at="2024-05-23T10:22:17 EDT" duration-ms="23494">
      <class name="tests.LoginTest">
        <test-method is-config="true" signature="beforeMethod()[pri:0, instance:tests.LoginTest@2e32ccc5]" started-at="2024-05-23T10:21:54 EDT" name="beforeMethod" finished-at="2024-05-23T10:22:00 EDT" duration-ms="5975" status="PASS">
          <reporter-output>
          </reporter-output>
        </test-method> <!-- beforeMethod -->
        <test-method signature="wrongEmail()[pri:1, instance:tests.LoginTest@2e32ccc5]" started-at="2024-05-23T10:22:00 EDT" name="wrongEmail" finished-at="2024-05-23T10:22:02 EDT" duration-ms="2530" status="PASS">
          <reporter-output>
          </reporter-output>
        </test-method> <!-- wrongEmail -->
        <test-method is-config="true" signature="afterMethod()[pri:0, instance:tests.LoginTest@2e32ccc5]" started-at="2024-05-23T10:22:02 EDT" name="afterMethod" finished-at="2024-05-23T10:22:03 EDT" duration-ms="775" status="PASS">
          <reporter-output>
          </reporter-output>
        </test-method> <!-- afterMethod -->
        <test-method is-config="true" signature="beforeMethod()[pri:0, instance:tests.LoginTest@2e32ccc5]" started-at="2024-05-23T10:22:03 EDT" name="beforeMethod" finished-at="2024-05-23T10:22:07 EDT" duration-ms="3931" status="PASS">
          <reporter-output>
          </reporter-output>
        </test-method> <!-- beforeMethod -->
        <test-method signature="wrongPassword()[pri:2, instance:tests.LoginTest@2e32ccc5]" started-at="2024-05-23T10:22:07 EDT" name="wrongPassword" finished-at="2024-05-23T10:22:09 EDT" duration-ms="2470" status="PASS">
          <reporter-output>
          </reporter-output>
        </test-method> <!-- wrongPassword -->
        <test-method is-config="true" signature="afterMethod()[pri:0, instance:tests.LoginTest@2e32ccc5]" started-at="2024-05-23T10:22:09 EDT" name="afterMethod" finished-at="2024-05-23T10:22:10 EDT" duration-ms="618" status="PASS">
          <reporter-output>
          </reporter-output>
        </test-method> <!-- afterMethod -->
        <test-method is-config="true" signature="beforeMethod()[pri:0, instance:tests.LoginTest@2e32ccc5]" started-at="2024-05-23T10:22:10 EDT" name="beforeMethod" finished-at="2024-05-23T10:22:14 EDT" duration-ms="3946" status="PASS">
          <reporter-output>
          </reporter-output>
        </test-method> <!-- beforeMethod -->
        <test-method signature="wrongEmailPassword()[pri:3, instance:tests.LoginTest@2e32ccc5]" started-at="2024-05-23T10:22:14 EDT" name="wrongEmailPassword" finished-at="2024-05-23T10:22:16 EDT" duration-ms="2480" status="PASS">
          <reporter-output>
          </reporter-output>
        </test-method> <!-- wrongEmailPassword -->
        <test-method is-config="true" signature="afterMethod()[pri:0, instance:tests.LoginTest@2e32ccc5]" started-at="2024-05-23T10:22:16 EDT" name="afterMethod" finished-at="2024-05-23T10:22:17 EDT" duration-ms="709" status="PASS">
          <reporter-output>
          </reporter-output>
        </test-method> <!-- afterMethod -->
      </class> <!-- tests.LoginTest -->
    </test> <!-- Default test -->
  </suite> <!-- Default suite -->
</testng-results>
